have_func: checking for strlcpy() in string.h... -------------------- yes

"cc -o conftest -I/Users/Coki/.rbenv/versions/1.9.3-p125/include/ruby-1.9.1/x86_64-darwin10.8.0 -I/Users/Coki/.rbenv/versions/1.9.3-p125/include/ruby-1.9.1/ruby/backward -I/Users/Coki/.rbenv/versions/1.9.3-p125/include/ruby-1.9.1 -I. -I'/Users/Coki/.rbenv/versions/1.9.3-p125/include'  -D_XOPEN_SOURCE -D_DARWIN_C_SOURCE  -I'/Users/Coki/.rbenv/versions/1.9.3-p125/include'  -g -O2 -Wall -Werror  conftest.c  -L. -L/Users/Coki/.rbenv/versions/1.9.3-p125/lib -L. -L'/Users/Coki/.rbenv/versions/1.9.3-p125/lib'      -lruby-static  -lpthread -ldl -lobjc "
checked program was:
/* begin */
1: #include "ruby.h"
2: 
3: int main() {return 0;}
/* end */

"cc -o conftest -I/Users/Coki/.rbenv/versions/1.9.3-p125/include/ruby-1.9.1/x86_64-darwin10.8.0 -I/Users/Coki/.rbenv/versions/1.9.3-p125/include/ruby-1.9.1/ruby/backward -I/Users/Coki/.rbenv/versions/1.9.3-p125/include/ruby-1.9.1 -I. -I'/Users/Coki/.rbenv/versions/1.9.3-p125/include'  -D_XOPEN_SOURCE -D_DARWIN_C_SOURCE  -I'/Users/Coki/.rbenv/versions/1.9.3-p125/include'  -g -O2 -Wall -Werror  conftest.c  -L. -L/Users/Coki/.rbenv/versions/1.9.3-p125/lib -L. -L'/Users/Coki/.rbenv/versions/1.9.3-p125/lib'      -lruby-static  -lpthread -ldl -lobjc "
checked program was:
/* begin */
1: #include "ruby.h"
2: 
3: #include <string.h>
4: 
5: /*top*/
6: int main() {return 0;}
7: int t() { void ((*volatile p)()); p = (void ((*)()))strlcpy; return 0; }
/* end */

--------------------

